[0.007s] Invoking command in '/home/andrew/Documents/vnav_mit/labs/lab2/two_drones_pkg/build/two_drones_pkg': /usr/bin/cmake /home/andrew/Documents/vnav_mit/labs/lab2/two_drones_pkg -DCATKIN_INSTALL_INTO_PREFIX_ROOT=0 -DCATKIN_SYMLINK_INSTALL=ON -DCMAKE_INSTALL_PREFIX=/home/andrew/Documents/vnav_mit/labs/lab2/two_drones_pkg/install/two_drones_pkg
[0.020s] [0mCMake Deprecation Warning at CMakeLists.txt:1 (cmake_minimum_required):
[0.020s]   Compatibility with CMake < 2.8.12 will be removed from a future version of
[0.020s]   CMake.
[0.020s] 
[0.020s]   Update the VERSION argument <min> value or use a ...<max> suffix to tell
[0.020s]   CMake that the project does not need compatibility with older versions.
[0.020s] 
[0.020s] [0m
[0.078s] -- The C compiler identification is GNU 11.4.0
[0.133s] -- The CXX compiler identification is GNU 11.4.0
[0.141s] -- Detecting C compiler ABI info
[0.188s] -- Detecting C compiler ABI info - done
[0.192s] -- Check for working C compiler: /usr/bin/cc - skipped
[0.192s] -- Detecting C compile features
[0.193s] -- Detecting C compile features - done
[0.195s] -- Detecting CXX compiler ABI info
[0.245s] -- Detecting CXX compiler ABI info - done
[0.249s] -- Check for working CXX compiler: /usr/bin/c++ - skipped
[0.249s] -- Detecting CXX compile features
[0.249s] -- Detecting CXX compile features - done
[0.260s] [31mCMake Error at CMakeLists.txt:6 (find_package):
[0.260s]   By not providing "Findcatkin.cmake" in CMAKE_MODULE_PATH this project has
[0.260s]   asked CMake to find a package configuration file provided by "catkin", but
[0.260s]   CMake did not find one.
[0.260s] 
[0.260s]   Could not find a package configuration file provided by "catkin" with any
[0.260s]   of the following names:
[0.260s] 
[0.260s]     catkinConfig.cmake
[0.260s]     catkin-config.cmake
[0.260s] 
[0.260s]   Add the installation prefix of "catkin" to CMAKE_PREFIX_PATH or set
[0.260s]   "catkin_DIR" to a directory containing one of the above files.  If "catkin"
[0.260s]   provides a separate development package or SDK, be sure it has been
[0.260s]   installed.
[0.261s] 
[0.261s] [0m
[0.261s] -- Configuring incomplete, errors occurred!
[0.261s] See also "/home/andrew/Documents/vnav_mit/labs/lab2/two_drones_pkg/build/two_drones_pkg/CMakeFiles/CMakeOutput.log".
[0.263s] Invoked command in '/home/andrew/Documents/vnav_mit/labs/lab2/two_drones_pkg/build/two_drones_pkg' returned '1': /usr/bin/cmake /home/andrew/Documents/vnav_mit/labs/lab2/two_drones_pkg -DCATKIN_INSTALL_INTO_PREFIX_ROOT=0 -DCATKIN_SYMLINK_INSTALL=ON -DCMAKE_INSTALL_PREFIX=/home/andrew/Documents/vnav_mit/labs/lab2/two_drones_pkg/install/two_drones_pkg
