[0.050s] DEBUG:colcon:Command line arguments: ['/usr/bin/colcon', 'build', '--symlink-install']
[0.050s] DEBUG:colcon:Parsed command line arguments: Namespace(log_base=None, log_level=None, verb_name='build', build_base='build', install_base='install', merge_install=False, symlink_install=True, test_result_base=None, continue_on_error=False, executor='parallel', parallel_workers=24, event_handlers=None, ignore_user_meta=False, metas=['./colcon.meta'], base_paths=['.'], packages_ignore=None, packages_ignore_regex=None, paths=None, packages_up_to=None, packages_up_to_regex=None, packages_above=None, packages_above_and_dependencies=None, packages_above_depth=None, packages_select_by_dep=None, packages_skip_by_dep=None, packages_skip_up_to=None, packages_select_build_failed=False, packages_skip_build_finished=False, packages_select_test_failures=False, packages_skip_test_passed=False, packages_select=None, packages_skip=None, packages_select_regex=None, packages_skip_regex=None, packages_start=None, packages_end=None, allow_overriding=[], cmake_args=None, cmake_target=None, cmake_target_skip_unavailable=False, cmake_clean_cache=False, cmake_clean_first=False, cmake_force_configure=False, ament_cmake_args=None, catkin_cmake_args=None, catkin_skip_building_tests=False, verb_parser=<colcon_defaults.argument_parser.defaults.DefaultArgumentsDecorator object at 0x761f5e14c910>, verb_extension=<colcon_core.verb.build.BuildVerb object at 0x761f5e249c30>, main=<bound method BuildVerb.main of <colcon_core.verb.build.BuildVerb object at 0x761f5e249c30>>)
[0.218s] Level 1:colcon.colcon_core.package_discovery:discover_packages(colcon_meta) check parameters
[0.218s] Level 1:colcon.colcon_core.package_discovery:discover_packages(recursive) check parameters
[0.218s] Level 1:colcon.colcon_core.package_discovery:discover_packages(ignore) check parameters
[0.218s] Level 1:colcon.colcon_core.package_discovery:discover_packages(path) check parameters
[0.218s] Level 1:colcon.colcon_core.package_discovery:discover_packages(colcon_meta) discover
[0.218s] Level 1:colcon.colcon_core.package_discovery:discover_packages(recursive) discover
[0.218s] INFO:colcon.colcon_core.package_discovery:Crawling recursively for packages in '/home/andrew/Documents/vnav_mit/labs/lab2/two_drones_pkg'
[0.218s] Level 1:colcon.colcon_core.package_identification:_identify(.) by extensions ['ignore', 'ignore_ament_install']
[0.218s] Level 1:colcon.colcon_core.package_identification:_identify(.) by extension 'ignore'
[0.218s] Level 1:colcon.colcon_core.package_identification:_identify(.) by extension 'ignore_ament_install'
[0.218s] Level 1:colcon.colcon_core.package_identification:_identify(.) by extensions ['colcon_pkg']
[0.218s] Level 1:colcon.colcon_core.package_identification:_identify(.) by extension 'colcon_pkg'
[0.218s] Level 1:colcon.colcon_core.package_identification:_identify(.) by extensions ['colcon_meta']
[0.218s] Level 1:colcon.colcon_core.package_identification:_identify(.) by extension 'colcon_meta'
[0.218s] Level 1:colcon.colcon_core.package_identification:_identify(.) by extensions ['ros']
[0.218s] Level 1:colcon.colcon_core.package_identification:_identify(.) by extension 'ros'
[0.225s] DEBUG:colcon.colcon_core.package_identification:Package '.' with type 'ros.catkin' and name 'two_drones_pkg'
[0.225s] Level 1:colcon.colcon_core.package_discovery:discover_packages(recursive) using defaults
[0.225s] Level 1:colcon.colcon_core.package_discovery:discover_packages(ignore) discover
[0.225s] Level 1:colcon.colcon_core.package_discovery:discover_packages(ignore) using defaults
[0.225s] Level 1:colcon.colcon_core.package_discovery:discover_packages(path) discover
[0.225s] Level 1:colcon.colcon_core.package_discovery:discover_packages(path) using defaults
[0.239s] Level 1:colcon.colcon_core.package_discovery:discover_packages(prefix_path) check parameters
[0.239s] Level 1:colcon.colcon_core.package_discovery:discover_packages(prefix_path) discover
[0.242s] DEBUG:colcon.colcon_installed_package_information.package_discovery:Found 295 installed packages in /opt/ros/humble
[0.248s] Level 1:colcon.colcon_core.package_discovery:discover_packages(prefix_path) using defaults
[0.268s] Level 5:colcon.colcon_core.verb:set package 'two_drones_pkg' build argument 'cmake_args' from command line to 'None'
[0.268s] Level 5:colcon.colcon_core.verb:set package 'two_drones_pkg' build argument 'cmake_target' from command line to 'None'
[0.268s] Level 5:colcon.colcon_core.verb:set package 'two_drones_pkg' build argument 'cmake_target_skip_unavailable' from command line to 'False'
[0.268s] Level 5:colcon.colcon_core.verb:set package 'two_drones_pkg' build argument 'cmake_clean_cache' from command line to 'False'
[0.268s] Level 5:colcon.colcon_core.verb:set package 'two_drones_pkg' build argument 'cmake_clean_first' from command line to 'False'
[0.268s] Level 5:colcon.colcon_core.verb:set package 'two_drones_pkg' build argument 'cmake_force_configure' from command line to 'False'
[0.268s] Level 5:colcon.colcon_core.verb:set package 'two_drones_pkg' build argument 'ament_cmake_args' from command line to 'None'
[0.268s] Level 5:colcon.colcon_core.verb:set package 'two_drones_pkg' build argument 'catkin_cmake_args' from command line to 'None'
[0.268s] Level 5:colcon.colcon_core.verb:set package 'two_drones_pkg' build argument 'catkin_skip_building_tests' from command line to 'False'
[0.268s] DEBUG:colcon.colcon_core.verb:Building package 'two_drones_pkg' with the following arguments: {'ament_cmake_args': None, 'build_base': '/home/andrew/Documents/vnav_mit/labs/lab2/two_drones_pkg/build/two_drones_pkg', 'catkin_cmake_args': None, 'catkin_skip_building_tests': False, 'cmake_args': None, 'cmake_clean_cache': False, 'cmake_clean_first': False, 'cmake_force_configure': False, 'cmake_target': None, 'cmake_target_skip_unavailable': False, 'install_base': '/home/andrew/Documents/vnav_mit/labs/lab2/two_drones_pkg/install/two_drones_pkg', 'merge_install': False, 'path': '/home/andrew/Documents/vnav_mit/labs/lab2/two_drones_pkg', 'symlink_install': True, 'test_result_base': None}
[0.268s] INFO:colcon.colcon_core.executor:Executing jobs using 'parallel' executor
[0.269s] DEBUG:colcon.colcon_parallel_executor.executor.parallel:run_until_complete
[0.269s] INFO:colcon.colcon_ros.task.catkin.build:Building ROS package in '/home/andrew/Documents/vnav_mit/labs/lab2/two_drones_pkg' with build type 'catkin'
[0.269s] INFO:colcon.colcon_cmake.task.cmake.build:Building CMake package in '/home/andrew/Documents/vnav_mit/labs/lab2/two_drones_pkg'
[0.271s] INFO:colcon.colcon_core.plugin_system:Skipping extension 'colcon_core.shell.bat': Not used on non-Windows systems
[0.271s] INFO:colcon.colcon_core.shell:Skip shell extension 'powershell' for command environment: Not usable outside of PowerShell
[0.271s] DEBUG:colcon.colcon_core.shell:Skip shell extension 'dsv' for command environment
[0.276s] DEBUG:colcon.colcon_core.event_handler.log_command:Invoking command in '/home/andrew/Documents/vnav_mit/labs/lab2/two_drones_pkg/build/two_drones_pkg': /usr/bin/cmake /home/andrew/Documents/vnav_mit/labs/lab2/two_drones_pkg -DCATKIN_INSTALL_INTO_PREFIX_ROOT=0 -DCATKIN_SYMLINK_INSTALL=ON -DCMAKE_INSTALL_PREFIX=/home/andrew/Documents/vnav_mit/labs/lab2/two_drones_pkg/install/two_drones_pkg
[0.532s] DEBUG:colcon.colcon_core.event_handler.log_command:Invoked command in '/home/andrew/Documents/vnav_mit/labs/lab2/two_drones_pkg/build/two_drones_pkg' returned '1': /usr/bin/cmake /home/andrew/Documents/vnav_mit/labs/lab2/two_drones_pkg -DCATKIN_INSTALL_INTO_PREFIX_ROOT=0 -DCATKIN_SYMLINK_INSTALL=ON -DCMAKE_INSTALL_PREFIX=/home/andrew/Documents/vnav_mit/labs/lab2/two_drones_pkg/install/two_drones_pkg
[0.540s] Level 1:colcon.colcon_core.environment:create_environment_scripts_only(two_drones_pkg)
[0.542s] Level 1:colcon.colcon_core.environment:checking '/home/andrew/Documents/vnav_mit/labs/lab2/two_drones_pkg/install/two_drones_pkg' for CMake module files
[0.543s] Level 1:colcon.colcon_core.environment:checking '/home/andrew/Documents/vnav_mit/labs/lab2/two_drones_pkg/install/two_drones_pkg' for CMake config files
[0.543s] Level 1:colcon.colcon_core.environment:checking '/home/andrew/Documents/vnav_mit/labs/lab2/two_drones_pkg/install/two_drones_pkg/bin'
[0.543s] Level 1:colcon.colcon_core.environment:checking '/home/andrew/Documents/vnav_mit/labs/lab2/two_drones_pkg/install/two_drones_pkg/lib/pkgconfig/two_drones_pkg.pc'
[0.543s] Level 1:colcon.colcon_core.environment:checking '/home/andrew/Documents/vnav_mit/labs/lab2/two_drones_pkg/install/two_drones_pkg/lib/python3.10/site-packages'
[0.543s] Level 1:colcon.colcon_core.environment:checking '/home/andrew/Documents/vnav_mit/labs/lab2/two_drones_pkg/install/two_drones_pkg/bin'
[0.543s] INFO:colcon.colcon_core.shell:Creating package script '/home/andrew/Documents/vnav_mit/labs/lab2/two_drones_pkg/install/two_drones_pkg/share/two_drones_pkg/package.ps1'
[0.544s] INFO:colcon.colcon_core.shell:Creating package descriptor '/home/andrew/Documents/vnav_mit/labs/lab2/two_drones_pkg/install/two_drones_pkg/share/two_drones_pkg/package.dsv'
[0.544s] INFO:colcon.colcon_core.shell:Creating package script '/home/andrew/Documents/vnav_mit/labs/lab2/two_drones_pkg/install/two_drones_pkg/share/two_drones_pkg/package.sh'
[0.544s] INFO:colcon.colcon_core.shell:Creating package script '/home/andrew/Documents/vnav_mit/labs/lab2/two_drones_pkg/install/two_drones_pkg/share/two_drones_pkg/package.bash'
[0.545s] INFO:colcon.colcon_core.shell:Creating package script '/home/andrew/Documents/vnav_mit/labs/lab2/two_drones_pkg/install/two_drones_pkg/share/two_drones_pkg/package.zsh'
[0.545s] Level 1:colcon.colcon_core.environment:create_file_with_runtime_dependencies(/home/andrew/Documents/vnav_mit/labs/lab2/two_drones_pkg/install/two_drones_pkg/share/colcon-core/packages/two_drones_pkg)
[0.546s] DEBUG:colcon.colcon_parallel_executor.executor.parallel:closing loop
[0.546s] DEBUG:colcon.colcon_parallel_executor.executor.parallel:loop closed
[0.546s] DEBUG:colcon.colcon_parallel_executor.executor.parallel:run_until_complete finished with '1'
[0.546s] DEBUG:colcon.colcon_core.event_reactor:joining thread
[0.549s] INFO:colcon.colcon_core.plugin_system:Skipping extension 'colcon_notification.desktop_notification.terminal_notifier': Not used on non-Darwin systems
[0.549s] INFO:colcon.colcon_core.plugin_system:Skipping extension 'colcon_notification.desktop_notification.win32': Not used on non-Windows systems
[0.549s] INFO:colcon.colcon_notification.desktop_notification:Sending desktop notification using 'notify2'
[0.556s] DEBUG:colcon.colcon_core.event_reactor:joined thread
[0.557s] INFO:colcon.colcon_core.shell:Creating prefix script '/home/andrew/Documents/vnav_mit/labs/lab2/two_drones_pkg/install/local_setup.ps1'
[0.557s] INFO:colcon.colcon_core.shell:Creating prefix util module '/home/andrew/Documents/vnav_mit/labs/lab2/two_drones_pkg/install/_local_setup_util_ps1.py'
[0.558s] INFO:colcon.colcon_core.shell:Creating prefix chain script '/home/andrew/Documents/vnav_mit/labs/lab2/two_drones_pkg/install/setup.ps1'
[0.558s] INFO:colcon.colcon_core.shell:Creating prefix script '/home/andrew/Documents/vnav_mit/labs/lab2/two_drones_pkg/install/local_setup.sh'
[0.559s] INFO:colcon.colcon_core.shell:Creating prefix util module '/home/andrew/Documents/vnav_mit/labs/lab2/two_drones_pkg/install/_local_setup_util_sh.py'
[0.559s] INFO:colcon.colcon_core.shell:Creating prefix chain script '/home/andrew/Documents/vnav_mit/labs/lab2/two_drones_pkg/install/setup.sh'
[0.559s] INFO:colcon.colcon_core.shell:Creating prefix script '/home/andrew/Documents/vnav_mit/labs/lab2/two_drones_pkg/install/local_setup.bash'
[0.560s] INFO:colcon.colcon_core.shell:Creating prefix chain script '/home/andrew/Documents/vnav_mit/labs/lab2/two_drones_pkg/install/setup.bash'
[0.560s] INFO:colcon.colcon_core.shell:Creating prefix script '/home/andrew/Documents/vnav_mit/labs/lab2/two_drones_pkg/install/local_setup.zsh'
[0.561s] INFO:colcon.colcon_core.shell:Creating prefix chain script '/home/andrew/Documents/vnav_mit/labs/lab2/two_drones_pkg/install/setup.zsh'
