[0.006s] Invoking command in '/home/andrew/Documents/vnav_mit/labs/lab2/two_drones_pkg/build/two_drones_pkg': /usr/bin/cmake /home/andrew/Documents/vnav_mit/labs/lab2/two_drones_pkg -DCATKIN_INSTALL_INTO_PREFIX_ROOT=0 -DCATKIN_SYMLINK_INSTALL=ON -DCMAKE_INSTALL_PREFIX=/home/andrew/Documents/vnav_mit/labs/lab2/two_drones_pkg/install/two_drones_pkg
[0.011s] [0mCMake Deprecation Warning at CMakeLists.txt:1 (cmake_minimum_required):
[0.011s]   Compatibility with CMake < 2.8.12 will be removed from a future version of
[0.011s]   CMake.
[0.011s] 
[0.011s]   Update the VERSION argument <min> value or use a ...<max> suffix to tell
[0.011s]   CMake that the project does not need compatibility with older versions.
[0.011s] 
[0.011s] [0m
[0.020s] [31mCMake Error at CMakeLists.txt:6 (find_package):
[0.020s]   By not providing "Findcatkin.cmake" in CMAKE_MODULE_PATH this project has
[0.021s]   asked CMake to find a package configuration file provided by "catkin", but
[0.021s]   CMake did not find one.
[0.021s] 
[0.021s]   Could not find a package configuration file provided by "catkin" with any
[0.021s]   of the following names:
[0.021s] 
[0.021s]     catkinConfig.cmake
[0.021s]     catkin-config.cmake
[0.021s] 
[0.021s]   Add the installation prefix of "catkin" to CMAKE_PREFIX_PATH or set
[0.021s]   "catkin_DIR" to a directory containing one of the above files.  If "catkin"
[0.021s]   provides a separate development package or SDK, be sure it has been
[0.021s]   installed.
[0.021s] 
[0.021s] [0m
[0.021s] -- Configuring incomplete, errors occurred!
[0.021s] See also "/home/andrew/Documents/vnav_mit/labs/lab2/two_drones_pkg/build/two_drones_pkg/CMakeFiles/CMakeOutput.log".
[0.022s] Invoked command in '/home/andrew/Documents/vnav_mit/labs/lab2/two_drones_pkg/build/two_drones_pkg' returned '1': /usr/bin/cmake /home/andrew/Documents/vnav_mit/labs/lab2/two_drones_pkg -DCATKIN_INSTALL_INTO_PREFIX_ROOT=0 -DCATKIN_SYMLINK_INSTALL=ON -DCMAKE_INSTALL_PREFIX=/home/andrew/Documents/vnav_mit/labs/lab2/two_drones_pkg/install/two_drones_pkg
